<?xml version="1.0" encoding="UTF-8"?>
<testsuite name="org.example.exambyte.webConroller.webconrollTest" tests="1" skipped="0" failures="0" errors="0" timestamp="2024-12-20T09:09:04" hostname="DESKTOP-9AUD50U" time="1.237">
  <properties/>
  <testcase name="testing the lading web page for Admin Controller" classname="org.example.exambyte.webConroller.webconrollTest" time="1.237"/>
  <system-out><![CDATA[10:09:02.274 [Test worker] INFO org.springframework.test.context.support.AnnotationConfigContextLoaderUtils -- Could not detect default configuration classes for test class [org.example.exambyte.webConroller.webconrollTest]: webconrollTest does not declare any static, non-private, non-final, nested classes annotated with @Configuration.
10:09:02.448 [Test worker] INFO org.springframework.boot.test.context.SpringBootTestContextBootstrapper -- Found @SpringBootConfiguration org.example.exambyte.ExambyteApplication for test class org.example.exambyte.webConroller.webconrollTest

  .   ____          _            __ _ _
 /\\ / ___'_ __ _ _(_)_ __  __ _ \ \ \ \
( ( )\___ | '_ | '_| | '_ \/ _` | \ \ \ \
 \\/  ___)| |_)| | | | | || (_| |  ) ) ) )
  '  |____| .__|_| |_|_| |_\__, | / / / /
 =========|_|==============|___/=/_/_/_/

 :: Spring Boot ::                (v3.3.5)

2024-12-20T10:09:02.962+01:00  INFO 8720 --- [    Test worker] o.e.e.webConroller.webconrollTest        : Starting webconrollTest using Java 21.0.5 with PID 8720 (started by A7MADREFA3Y in R:\Github\PP2\exambyte-java-keller)
2024-12-20T10:09:02.962+01:00  INFO 8720 --- [    Test worker] o.e.e.webConroller.webconrollTest        : No active profile set, falling back to 1 default profile: "default"
2024-12-20T10:09:04.820+01:00  INFO 8720 --- [    Test worker] o.s.b.t.m.w.SpringBootMockServletContext : Initializing Spring TestDispatcherServlet ''
2024-12-20T10:09:04.820+01:00  INFO 8720 --- [    Test worker] o.s.t.web.servlet.TestDispatcherServlet  : Initializing Servlet ''
2024-12-20T10:09:04.820+01:00  INFO 8720 --- [    Test worker] o.s.t.web.servlet.TestDispatcherServlet  : Completed initialization in 0 ms
2024-12-20T10:09:04.866+01:00  INFO 8720 --- [    Test worker] o.e.e.webConroller.webconrollTest        : Started webconrollTest in 2.309 seconds (process running for 3.724)
]]></system-out>
  <system-err><![CDATA[WARNING: A Java agent has been loaded dynamically (C:\Users\A7MADREFA3Y\.gradle\caches\modules-2\files-2.1\net.bytebuddy\byte-buddy-agent\1.14.19\154da3a65b4f4a909d3e5bdec55d1b2b4cbb6ce1\byte-buddy-agent-1.14.19.jar)
WARNING: If a serviceability tool is in use, please run with -XX:+EnableDynamicAgentLoading to hide this warning
WARNING: If a serviceability tool is not in use, please run with -Djdk.instrument.traceUsage for more information
WARNING: Dynamic loading of agents will be disallowed by default in a future release
]]></system-err>
</testsuite>
